\BOOKMARK [1][-]{section.1}{Introduction}{}% 1
\BOOKMARK [1][-]{section.2}{Anticipated and Unlikely Changes}{}% 2
\BOOKMARK [2][-]{subsection.2.1}{Anticipated Changes}{section.2}% 3
\BOOKMARK [2][-]{subsection.2.2}{Unlikely Changes}{section.2}% 4
\BOOKMARK [1][-]{section.3}{Module Hierarchy}{}% 5
\BOOKMARK [1][-]{section.4}{Connection Between Requirements and Design}{}% 6
\BOOKMARK [1][-]{section.5}{Module Decomposition}{}% 7
\BOOKMARK [2][-]{subsection.5.1}{Hardware Hiding Modules \(M1\)}{section.5}% 8
\BOOKMARK [3][-]{subsubsection.5.1.1}{Mouse Inputs \(M2\)}{subsection.5.1}% 9
\BOOKMARK [3][-]{subsubsection.5.1.2}{Keyboard Inputs \(M3\)}{subsection.5.1}% 10
\BOOKMARK [2][-]{subsection.5.2}{Behaviour-Hiding Module}{section.5}% 11
\BOOKMARK [3][-]{subsubsection.5.2.1}{Input Format Module \(M4\)}{subsection.5.2}% 12
\BOOKMARK [3][-]{subsubsection.5.2.2}{Portal Physics Module \(M5\)}{subsection.5.2}% 13
\BOOKMARK [3][-]{subsubsection.5.2.3}{Portal Gun Module \(M6\)}{subsection.5.2}% 14
\BOOKMARK [3][-]{subsubsection.5.2.4}{Game Object Module \(M7\)}{subsection.5.2}% 15
\BOOKMARK [3][-]{subsubsection.5.2.5}{Player Object Module \(M8\)}{subsection.5.2}% 16
\BOOKMARK [2][-]{subsection.5.3}{Software Decision Module}{section.5}% 17
\BOOKMARK [3][-]{subsubsection.5.3.1}{Sprite/Model Module \(M9\)}{subsection.5.3}% 18
\BOOKMARK [3][-]{subsubsection.5.3.2}{Interface Module \(M10\)}{subsection.5.3}% 19
\BOOKMARK [3][-]{subsubsection.5.3.3}{Collision Detection Module \(M11\)}{subsection.5.3}% 20
\BOOKMARK [1][-]{section.6}{Traceability Matrix}{}% 21
\BOOKMARK [1][-]{section.7}{Use Hierarchy Between Modules}{}% 22
