\BOOKMARK [1][-]{section.1}{Project Drivers}{}% 1
\BOOKMARK [2][-]{subsection.1.1}{The Purpose of the Project}{section.1}% 2
\BOOKMARK [2][-]{subsection.1.2}{The Stakeholders}{section.1}% 3
\BOOKMARK [3][-]{subsubsection.1.2.1}{The Client}{subsection.1.2}% 4
\BOOKMARK [3][-]{subsubsection.1.2.2}{The Customers}{subsection.1.2}% 5
\BOOKMARK [3][-]{subsubsection.1.2.3}{Other Stakeholders}{subsection.1.2}% 6
\BOOKMARK [2][-]{subsection.1.3}{Mandated Constraints}{section.1}% 7
\BOOKMARK [2][-]{subsection.1.4}{Naming Conventions and Terminology}{section.1}% 8
\BOOKMARK [2][-]{subsection.1.5}{Relevant Facts and Assumptions}{section.1}% 9
\BOOKMARK [1][-]{section.2}{Functional Requirements}{}% 10
\BOOKMARK [2][-]{subsection.2.1}{The Scope of the Work and the Product}{section.2}% 11
\BOOKMARK [3][-]{subsubsection.2.1.1}{The Context of the Work}{subsection.2.1}% 12
\BOOKMARK [3][-]{subsubsection.2.1.2}{Work Partitioning}{subsection.2.1}% 13
\BOOKMARK [3][-]{subsubsection.2.1.3}{Individual Product Use Cases}{subsection.2.1}% 14
\BOOKMARK [2][-]{subsection.2.2}{Functional Requirements}{section.2}% 15
\BOOKMARK [1][-]{section.3}{Non-functional Requirements}{}% 16
\BOOKMARK [2][-]{subsection.3.1}{Look and Feel Requirements}{section.3}% 17
\BOOKMARK [2][-]{subsection.3.2}{Usability and Humanity Requirements}{section.3}% 18
\BOOKMARK [2][-]{subsection.3.3}{Performance Requirements}{section.3}% 19
\BOOKMARK [2][-]{subsection.3.4}{Operational and Environmental Requirements}{section.3}% 20
\BOOKMARK [2][-]{subsection.3.5}{Maintainability and Support Requirements}{section.3}% 21
\BOOKMARK [2][-]{subsection.3.6}{Security Requirements}{section.3}% 22
\BOOKMARK [2][-]{subsection.3.7}{Cultural Requirements}{section.3}% 23
\BOOKMARK [2][-]{subsection.3.8}{Legal Requirements}{section.3}% 24
\BOOKMARK [2][-]{subsection.3.9}{Health and Safety Requirements}{section.3}% 25
\BOOKMARK [1][-]{section.4}{Project Issues}{}% 26
\BOOKMARK [2][-]{subsection.4.1}{Open Issues}{section.4}% 27
\BOOKMARK [2][-]{subsection.4.2}{Off-the-Shelf Solutions}{section.4}% 28
\BOOKMARK [2][-]{subsection.4.3}{New Problems}{section.4}% 29
\BOOKMARK [2][-]{subsection.4.4}{Tasks}{section.4}% 30
\BOOKMARK [2][-]{subsection.4.5}{Migration to the New Product}{section.4}% 31
\BOOKMARK [2][-]{subsection.4.6}{Risks}{section.4}% 32
\BOOKMARK [2][-]{subsection.4.7}{Costs}{section.4}% 33
\BOOKMARK [2][-]{subsection.4.8}{User Documentation and Training}{section.4}% 34
\BOOKMARK [2][-]{subsection.4.9}{Waiting Room}{section.4}% 35
\BOOKMARK [2][-]{subsection.4.10}{Ideas for Solutions}{section.4}% 36
\BOOKMARK [1][-]{section.5}{Appendix}{}% 37
\BOOKMARK [2][-]{subsection.5.1}{Symbolic Parameters}{section.5}% 38
